This file contains any messages produced by compilers while
running configure, to aid debugging if configure makes a mistake.

It was created by kitty-httpd configure 0.0.4, which was
generated by GNU Autoconf 2.61.  Invocation command line was

  $ ./configure 

## --------- ##
## Platform. ##
## --------- ##

hostname = peorth
uname -m = i686
uname -r = 2.6.30-020630-generic
uname -s = Linux
uname -v = #020630 SMP Wed Jun 10 09:45:40 UTC 2009

/usr/bin/uname -p = unknown
/bin/uname -X     = unknown

/bin/arch              = unknown
/usr/bin/arch -k       = unknown
/usr/convex/getsysinfo = unknown
/usr/bin/hostinfo      = unknown
/bin/machine           = unknown
/usr/bin/oslevel       = unknown
/bin/universe          = unknown

PATH: /home/kitt/bin
PATH: /usr/local/sbin
PATH: /usr/local/bin
PATH: /usr/sbin
PATH: /usr/bin
PATH: /sbin
PATH: /bin
PATH: /usr/games


## ----------- ##
## Core tests. ##
## ----------- ##

configure:1773: checking for a BSD-compatible install
configure:1829: result: /usr/bin/install -c
configure:1840: checking whether build environment is sane
configure:1883: result: yes
configure:1911: checking for a thread-safe mkdir -p
configure:1950: result: /bin/mkdir -p
configure:1963: checking for gawk
configure:1993: result: no
configure:1963: checking for mawk
configure:1979: found /usr/bin/mawk
configure:1990: result: mawk
configure:2001: checking whether make sets $(MAKE)
configure:2022: result: yes
configure:2263: checking for gcc
configure:2279: found /usr/bin/gcc
configure:2290: result: gcc
configure:2528: checking for C compiler version
configure:2535: gcc --version >&5
gcc (Ubuntu 4.3.3-5ubuntu4) 4.3.3
Copyright (C) 2008 Free Software Foundation, Inc.
This is free software; see the source for copying conditions.  There is NO
warranty; not even for MERCHANTABILITY or FITNESS FOR A PARTICULAR PURPOSE.

configure:2538: $? = 0
configure:2545: gcc -v >&5
Using built-in specs.
Target: i486-linux-gnu
Configured with: ../src/configure -v --with-pkgversion='Ubuntu 4.3.3-5ubuntu4' --with-bugurl=file:///usr/share/doc/gcc-4.3/README.Bugs --enable-languages=c,c++,fortran,objc,obj-c++ --prefix=/usr --enable-shared --with-system-zlib --libexecdir=/usr/lib --without-included-gettext --enable-threads=posix --enable-nls --with-gxx-include-dir=/usr/include/c++/4.3 --program-suffix=-4.3 --enable-clocale=gnu --enable-libstdcxx-debug --enable-objc-gc --enable-mpfr --enable-targets=all --with-tune=generic --enable-checking=release --build=i486-linux-gnu --host=i486-linux-gnu --target=i486-linux-gnu
Thread model: posix
gcc version 4.3.3 (Ubuntu 4.3.3-5ubuntu4) 
configure:2548: $? = 0
configure:2555: gcc -V >&5
gcc: '-V' option must have argument
configure:2558: $? = 1
configure:2581: checking for C compiler default output file name
configure:2608: gcc    conftest.c  >&5
configure:2611: $? = 0
configure:2649: result: a.out
configure:2666: checking whether the C compiler works
configure:2676: ./a.out
configure:2679: $? = 0
configure:2696: result: yes
configure:2703: checking whether we are cross compiling
configure:2705: result: no
configure:2708: checking for suffix of executables
configure:2715: gcc -o conftest    conftest.c  >&5
configure:2718: $? = 0
configure:2742: result: 
configure:2748: checking for suffix of object files
configure:2774: gcc -c   conftest.c >&5
configure:2777: $? = 0
configure:2800: result: o
configure:2804: checking whether we are using the GNU C compiler
configure:2833: gcc -c   conftest.c >&5
configure:2839: $? = 0
configure:2856: result: yes
configure:2861: checking whether gcc accepts -g
configure:2891: gcc -c -g  conftest.c >&5
configure:2897: $? = 0
configure:2996: result: yes
configure:3013: checking for gcc option to accept ISO C89
configure:3087: gcc  -c -g -O2  conftest.c >&5
configure:3093: $? = 0
configure:3116: result: none needed
configure:3145: checking for style of include used by make
configure:3173: result: GNU
configure:3198: checking dependency style of gcc
configure:3289: result: gcc3
configure:3308: checking for pthread_create in -lpthread
configure:3343: gcc -o conftest -g -O2   conftest.c -lpthread   >&5
configure:3349: $? = 0
configure:3367: result: yes
configure:3388: checking for dirent.h that defines DIR
configure:3417: gcc -c -g -O2  conftest.c >&5
configure:3423: $? = 0
configure:3439: result: yes
configure:3452: checking for library containing opendir
configure:3493: gcc -o conftest -g -O2   conftest.c -lpthread  >&5
configure:3499: $? = 0
configure:3527: result: none required
configure:3626: checking how to run the C preprocessor
configure:3666: gcc -E  conftest.c
configure:3672: $? = 0
configure:3703: gcc -E  conftest.c
conftest.c:12:28: error: ac_nonexistent.h: No such file or directory
configure:3709: $? = 1
configure: failed program was:
| /* confdefs.h.  */
| #define PACKAGE_NAME "kitty-httpd"
| #define PACKAGE_TARNAME "kitty-httpd"
| #define PACKAGE_VERSION "0.0.4"
| #define PACKAGE_STRING "kitty-httpd 0.0.4"
| #define PACKAGE_BUGREPORT "kitty at kitty.in.th"
| #define PACKAGE "kitty-httpd"
| #define VERSION "0.0.4"
| #define HAVE_LIBPTHREAD 1
| #define HAVE_DIRENT_H 1
| /* end confdefs.h.  */
| #include <ac_nonexistent.h>
configure:3742: result: gcc -E
configure:3771: gcc -E  conftest.c
configure:3777: $? = 0
configure:3808: gcc -E  conftest.c
conftest.c:12:28: error: ac_nonexistent.h: No such file or directory
configure:3814: $? = 1
configure: failed program was:
| /* confdefs.h.  */
| #define PACKAGE_NAME "kitty-httpd"
| #define PACKAGE_TARNAME "kitty-httpd"
| #define PACKAGE_VERSION "0.0.4"
| #define PACKAGE_STRING "kitty-httpd 0.0.4"
| #define PACKAGE_BUGREPORT "kitty at kitty.in.th"
| #define PACKAGE "kitty-httpd"
| #define VERSION "0.0.4"
| #define HAVE_LIBPTHREAD 1
| #define HAVE_DIRENT_H 1
| /* end confdefs.h.  */
| #include <ac_nonexistent.h>
configure:3852: checking for grep that handles long lines and -e
configure:3926: result: /bin/grep
configure:3931: checking for egrep
configure:4009: result: /bin/grep -E
configure:4014: checking for ANSI C header files
configure:4044: gcc -c -g -O2  conftest.c >&5
configure:4050: $? = 0
configure:4149: gcc -o conftest -g -O2   conftest.c -lpthread  >&5
configure:4152: $? = 0
configure:4158: ./conftest
configure:4161: $? = 0
configure:4178: result: yes
configure:4202: checking for sys/types.h
configure:4223: gcc -c -g -O2  conftest.c >&5
configure:4229: $? = 0
configure:4245: result: yes
configure:4202: checking for sys/stat.h
configure:4223: gcc -c -g -O2  conftest.c >&5
configure:4229: $? = 0
configure:4245: result: yes
configure:4202: checking for stdlib.h
configure:4223: gcc -c -g -O2  conftest.c >&5
configure:4229: $? = 0
configure:4245: result: yes
configure:4202: checking for string.h
configure:4223: gcc -c -g -O2  conftest.c >&5
configure:4229: $? = 0
configure:4245: result: yes
configure:4202: checking for memory.h
configure:4223: gcc -c -g -O2  conftest.c >&5
configure:4229: $? = 0
configure:4245: result: yes
configure:4202: checking for strings.h
configure:4223: gcc -c -g -O2  conftest.c >&5
configure:4229: $? = 0
configure:4245: result: yes
configure:4202: checking for inttypes.h
configure:4223: gcc -c -g -O2  conftest.c >&5
configure:4229: $? = 0
configure:4245: result: yes
configure:4202: checking for stdint.h
configure:4223: gcc -c -g -O2  conftest.c >&5
configure:4229: $? = 0
configure:4245: result: yes
configure:4202: checking for unistd.h
configure:4223: gcc -c -g -O2  conftest.c >&5
configure:4229: $? = 0
configure:4245: result: yes
configure:4281: checking arpa/inet.h usability
configure:4298: gcc -c -g -O2  conftest.c >&5
configure:4304: $? = 0
configure:4318: result: yes
configure:4322: checking arpa/inet.h presence
configure:4337: gcc -E  conftest.c
configure:4343: $? = 0
configure:4357: result: yes
configure:4390: checking for arpa/inet.h
configure:4398: result: yes
configure:4281: checking fcntl.h usability
configure:4298: gcc -c -g -O2  conftest.c >&5
configure:4304: $? = 0
configure:4318: result: yes
configure:4322: checking fcntl.h presence
configure:4337: gcc -E  conftest.c
configure:4343: $? = 0
configure:4357: result: yes
configure:4390: checking for fcntl.h
configure:4398: result: yes
configure:4271: checking for inttypes.h
configure:4277: result: yes
configure:4281: checking limits.h usability
configure:4298: gcc -c -g -O2  conftest.c >&5
configure:4304: $? = 0
configure:4318: result: yes
configure:4322: checking limits.h presence
configure:4337: gcc -E  conftest.c
configure:4343: $? = 0
configure:4357: result: yes
configure:4390: checking for limits.h
configure:4398: result: yes
configure:4281: checking netinet/in.h usability
configure:4298: gcc -c -g -O2  conftest.c >&5
configure:4304: $? = 0
configure:4318: result: yes
configure:4322: checking netinet/in.h presence
configure:4337: gcc -E  conftest.c
configure:4343: $? = 0
configure:4357: result: yes
configure:4390: checking for netinet/in.h
configure:4398: result: yes
configure:4271: checking for stdlib.h
configure:4277: result: yes
configure:4271: checking for string.h
configure:4277: result: yes
configure:4281: checking sys/socket.h usability
configure:4298: gcc -c -g -O2  conftest.c >&5
configure:4304: $? = 0
configure:4318: result: yes
configure:4322: checking sys/socket.h presence
configure:4337: gcc -E  conftest.c
configure:4343: $? = 0
configure:4357: result: yes
configure:4390: checking for sys/socket.h
configure:4398: result: yes
configure:4271: checking for unistd.h
configure:4277: result: yes
configure:4281: checking pthread.h usability
configure:4298: gcc -c -g -O2  conftest.c >&5
configure:4304: $? = 0
configure:4318: result: yes
configure:4322: checking pthread.h presence
configure:4337: gcc -E  conftest.c
configure:4343: $? = 0
configure:4357: result: yes
configure:4390: checking for pthread.h
configure:4398: result: yes
configure:4413: checking for an ANSI C-conforming const
configure:4488: gcc -c -g -O2  conftest.c >&5
configure:4494: $? = 0
configure:4509: result: yes
configure:4519: checking for off_t
configure:4549: gcc -c -g -O2  conftest.c >&5
configure:4555: $? = 0
configure:4570: result: yes
configure:4582: checking for size_t
configure:4612: gcc -c -g -O2  conftest.c >&5
configure:4618: $? = 0
configure:4633: result: yes
configure:4645: checking for ssize_t
configure:4675: gcc -c -g -O2  conftest.c >&5
configure:4681: $? = 0
configure:4696: result: yes
configure:4708: checking whether struct tm is in sys/time.h or time.h
configure:4738: gcc -c -g -O2  conftest.c >&5
configure:4744: $? = 0
configure:4759: result: time.h
configure:4770: checking for uint64_t
configure:4801: gcc -c -g -O2  conftest.c >&5
configure:4807: $? = 0
configure:4828: result: yes
configure:4852: checking for stdlib.h
configure:4858: result: yes
configure:4992: checking for GNU libc compatible malloc
configure:5026: gcc -o conftest -g -O2   conftest.c -lpthread  >&5
configure:5029: $? = 0
configure:5035: ./conftest
configure:5038: $? = 0
configure:5054: result: yes
configure:5082: checking whether lstat dereferences a symlink specified with a trailing slash
configure:5118: gcc -o conftest -g -O2   conftest.c -lpthread  >&5
configure:5121: $? = 0
configure:5127: ./conftest
configure:5130: $? = 0
configure:5153: result: yes
configure:5172: checking whether stat accepts an empty string
configure:5202: gcc -o conftest -g -O2   conftest.c -lpthread  >&5
configure:5205: $? = 0
configure:5211: ./conftest
configure:5214: $? = 0
configure:5230: result: no
configure:5250: checking for strftime
configure:5306: gcc -o conftest -g -O2   conftest.c -lpthread  >&5
conftest.c:58: warning: conflicting types for built-in function 'strftime'
configure:5312: $? = 0
configure:5330: result: yes
configure:5418: checking for inet_ntoa
configure:5474: gcc -o conftest -g -O2   conftest.c -lpthread  >&5
configure:5480: $? = 0
configure:5498: result: yes
configure:5418: checking for socket
configure:5474: gcc -o conftest -g -O2   conftest.c -lpthread  >&5
configure:5480: $? = 0
configure:5498: result: yes
configure:5418: checking for strcasecmp
configure:5474: gcc -o conftest -g -O2   conftest.c -lpthread  >&5
conftest.c:61: warning: conflicting types for built-in function 'strcasecmp'
configure:5480: $? = 0
configure:5498: result: yes
configure:5418: checking for strrchr
configure:5474: gcc -o conftest -g -O2   conftest.c -lpthread  >&5
conftest.c:62: warning: conflicting types for built-in function 'strrchr'
configure:5480: $? = 0
configure:5498: result: yes
configure:5625: creating ./config.status

## ---------------------- ##
## Running config.status. ##
## ---------------------- ##

This file was extended by kitty-httpd config.status 0.0.4, which was
generated by GNU Autoconf 2.61.  Invocation command line was

  CONFIG_FILES    = 
  CONFIG_HEADERS  = 
  CONFIG_LINKS    = 
  CONFIG_COMMANDS = 
  $ ./config.status 

on peorth

config.status:635: creating Makefile
config.status:635: creating config.h
config.status:881: config.h is unchanged
config.status:928: executing depfiles commands

## ---------------- ##
## Cache variables. ##
## ---------------- ##

ac_cv_c_compiler_gnu=yes
ac_cv_c_const=yes
ac_cv_c_uint64_t=yes
ac_cv_env_CC_set=
ac_cv_env_CC_value=
ac_cv_env_CFLAGS_set=
ac_cv_env_CFLAGS_value=
ac_cv_env_CPPFLAGS_set=
ac_cv_env_CPPFLAGS_value=
ac_cv_env_CPP_set=
ac_cv_env_CPP_value=
ac_cv_env_LDFLAGS_set=
ac_cv_env_LDFLAGS_value=
ac_cv_env_LIBS_set=
ac_cv_env_LIBS_value=
ac_cv_env_build_alias_set=
ac_cv_env_build_alias_value=
ac_cv_env_host_alias_set=
ac_cv_env_host_alias_value=
ac_cv_env_target_alias_set=
ac_cv_env_target_alias_value=
ac_cv_func_inet_ntoa=yes
ac_cv_func_lstat_dereferences_slashed_symlink=yes
ac_cv_func_malloc_0_nonnull=yes
ac_cv_func_socket=yes
ac_cv_func_stat_empty_string_bug=no
ac_cv_func_strcasecmp=yes
ac_cv_func_strftime=yes
ac_cv_func_strrchr=yes
ac_cv_header_arpa_inet_h=yes
ac_cv_header_dirent_dirent_h=yes
ac_cv_header_fcntl_h=yes
ac_cv_header_inttypes_h=yes
ac_cv_header_limits_h=yes
ac_cv_header_memory_h=yes
ac_cv_header_netinet_in_h=yes
ac_cv_header_pthread_h=yes
ac_cv_header_stdc=yes
ac_cv_header_stdint_h=yes
ac_cv_header_stdlib_h=yes
ac_cv_header_string_h=yes
ac_cv_header_strings_h=yes
ac_cv_header_sys_socket_h=yes
ac_cv_header_sys_stat_h=yes
ac_cv_header_sys_types_h=yes
ac_cv_header_unistd_h=yes
ac_cv_lib_pthread_pthread_create=yes
ac_cv_objext=o
ac_cv_path_EGREP='/bin/grep -E'
ac_cv_path_GREP=/bin/grep
ac_cv_path_install='/usr/bin/install -c'
ac_cv_path_mkdir=/bin/mkdir
ac_cv_prog_AWK=mawk
ac_cv_prog_CPP='gcc -E'
ac_cv_prog_ac_ct_CC=gcc
ac_cv_prog_cc_c89=
ac_cv_prog_cc_g=yes
ac_cv_prog_make_make_set=yes
ac_cv_search_opendir='none required'
ac_cv_struct_tm=time.h
ac_cv_type_off_t=yes
ac_cv_type_size_t=yes
ac_cv_type_ssize_t=yes
am_cv_CC_dependencies_compiler_type=gcc3

## ----------------- ##
## Output variables. ##
## ----------------- ##

ACLOCAL='${SHELL} /home/kitt/works/kitty-httpd/x/missing --run aclocal-1.10'
AMDEPBACKSLASH='\'
AMDEP_FALSE='#'
AMDEP_TRUE=''
AMTAR='${SHELL} /home/kitt/works/kitty-httpd/x/missing --run tar'
AUTOCONF='${SHELL} /home/kitt/works/kitty-httpd/x/missing --run autoconf'
AUTOHEADER='${SHELL} /home/kitt/works/kitty-httpd/x/missing --run autoheader'
AUTOMAKE='${SHELL} /home/kitt/works/kitty-httpd/x/missing --run automake-1.10'
AWK='mawk'
CC='gcc'
CCDEPMODE='depmode=gcc3'
CFLAGS='-g -O2'
CPP='gcc -E'
CPPFLAGS=''
CYGPATH_W='echo'
DEFS='-DHAVE_CONFIG_H'
DEPDIR='.deps'
ECHO_C=''
ECHO_N='-n'
ECHO_T=''
EGREP='/bin/grep -E'
EXEEXT=''
GREP='/bin/grep'
INSTALL_DATA='${INSTALL} -m 644'
INSTALL_PROGRAM='${INSTALL}'
INSTALL_SCRIPT='${INSTALL}'
INSTALL_STRIP_PROGRAM='$(install_sh) -c -s'
LDFLAGS=''
LIBOBJS=''
LIBS='-lpthread '
LTLIBOBJS=''
MAKEINFO='${SHELL} /home/kitt/works/kitty-httpd/x/missing --run makeinfo'
OBJEXT='o'
PACKAGE='kitty-httpd'
PACKAGE_BUGREPORT='kitty at kitty.in.th'
PACKAGE_NAME='kitty-httpd'
PACKAGE_STRING='kitty-httpd 0.0.4'
PACKAGE_TARNAME='kitty-httpd'
PACKAGE_VERSION='0.0.4'
PATH_SEPARATOR=':'
SET_MAKE=''
SHELL='/bin/bash'
STRIP=''
VERSION='0.0.4'
ac_ct_CC='gcc'
am__fastdepCC_FALSE='#'
am__fastdepCC_TRUE=''
am__include='include'
am__isrc=''
am__leading_dot='.'
am__quote=''
am__tar='${AMTAR} chof - "$$tardir"'
am__untar='${AMTAR} xf -'
bindir='${exec_prefix}/bin'
build_alias=''
datadir='${datarootdir}'
datarootdir='${prefix}/share'
docdir='${datarootdir}/doc/${PACKAGE_TARNAME}'
dvidir='${docdir}'
exec_prefix='${prefix}'
host_alias=''
htmldir='${docdir}'
includedir='${prefix}/include'
infodir='${datarootdir}/info'
install_sh='$(SHELL) /home/kitt/works/kitty-httpd/x/install-sh'
libdir='${exec_prefix}/lib'
libexecdir='${exec_prefix}/libexec'
localedir='${datarootdir}/locale'
localstatedir='${prefix}/var'
mandir='${datarootdir}/man'
mkdir_p='/bin/mkdir -p'
oldincludedir='/usr/include'
pdfdir='${docdir}'
prefix='/usr/local'
program_transform_name='s,x,x,'
psdir='${docdir}'
sbindir='${exec_prefix}/sbin'
sharedstatedir='${prefix}/com'
sysconfdir='${prefix}/etc'
target_alias=''

## ----------- ##
## confdefs.h. ##
## ----------- ##

#define PACKAGE_NAME "kitty-httpd"
#define PACKAGE_TARNAME "kitty-httpd"
#define PACKAGE_VERSION "0.0.4"
#define PACKAGE_STRING "kitty-httpd 0.0.4"
#define PACKAGE_BUGREPORT "kitty at kitty.in.th"
#define PACKAGE "kitty-httpd"
#define VERSION "0.0.4"
#define HAVE_LIBPTHREAD 1
#define HAVE_DIRENT_H 1
#define STDC_HEADERS 1
#define HAVE_SYS_TYPES_H 1
#define HAVE_SYS_STAT_H 1
#define HAVE_STDLIB_H 1
#define HAVE_STRING_H 1
#define HAVE_MEMORY_H 1
#define HAVE_STRINGS_H 1
#define HAVE_INTTYPES_H 1
#define HAVE_STDINT_H 1
#define HAVE_UNISTD_H 1
#define HAVE_ARPA_INET_H 1
#define HAVE_FCNTL_H 1
#define HAVE_INTTYPES_H 1
#define HAVE_LIMITS_H 1
#define HAVE_NETINET_IN_H 1
#define HAVE_STDLIB_H 1
#define HAVE_STRING_H 1
#define HAVE_SYS_SOCKET_H 1
#define HAVE_UNISTD_H 1
#define HAVE_PTHREAD_H 1
#define HAVE_STDLIB_H 1
#define HAVE_MALLOC 1
#define LSTAT_FOLLOWS_SLASHED_SYMLINK 1
#define HAVE_STRFTIME 1
#define HAVE_INET_NTOA 1
#define HAVE_SOCKET 1
#define HAVE_STRCASECMP 1
#define HAVE_STRRCHR 1

configure: exit 0
